<?xml version="1.0" encoding="UTF-8"?>
<!-- Generated by org.testng.reporters.JUnitReportReporter -->
<testsuite skipped="3" hostname="S-23" name="CarrierCRM_TC.CarrierSignupActions_Test" tests="4" failures="0" timestamp="2019-12-12T11:47:12 IST" time="0.042" errors="1">
  <testcase name="Open_Browser" time="0.042" classname="CarrierCRM_TC.CarrierSignupActions_Test">
    <error type="java.lang.IllegalStateException" message="The driver executable does not exist: E:\AmilFreight_Testing\Driver\chromedriver_win32\chromedriver.exe">
      <![CDATA[java.lang.IllegalStateException: The driver executable does not exist: E:\AmilFreight_Testing\Driver\chromedriver_win32\chromedriver.exe
at com.google.common.base.Preconditions.checkState(Preconditions.java:176)
at org.openqa.selenium.remote.service.DriverService.checkExecutable(DriverService.java:122)
at org.openqa.selenium.remote.service.DriverService.findExecutable(DriverService.java:117)
at org.openqa.selenium.chrome.ChromeDriverService.access$000(ChromeDriverService.java:32)
at org.openqa.selenium.chrome.ChromeDriverService$Builder.findDefaultExecutable(ChromeDriverService.java:118)
at org.openqa.selenium.remote.service.DriverService$Builder.build(DriverService.java:291)
at org.openqa.selenium.chrome.ChromeDriverService.createDefaultService(ChromeDriverService.java:82)
at org.openqa.selenium.chrome.ChromeDriver.<init>(ChromeDriver.java:117)
at CarrierCRM_TC.BaseClass_OpenBrowser.Open_Browser(BaseClass_OpenBrowser.java:12)
at sun.reflect.NativeMethodAccessorImpl.invoke0(Native Method)
at sun.reflect.NativeMethodAccessorImpl.invoke(NativeMethodAccessorImpl.java:62)
at sun.reflect.DelegatingMethodAccessorImpl.invoke(DelegatingMethodAccessorImpl.java:43)
at java.lang.reflect.Method.invoke(Method.java:498)
at org.testng.internal.MethodInvocationHelper.invokeMethod(MethodInvocationHelper.java:133)
at org.testng.internal.MethodInvocationHelper.invokeMethodConsideringTimeout(MethodInvocationHelper.java:62)
at org.testng.internal.ConfigInvoker.invokeConfigurationMethod(ConfigInvoker.java:340)
at org.testng.internal.ConfigInvoker.invokeConfigurations(ConfigInvoker.java:294)
at org.testng.internal.TestMethodWorker.invokeBeforeClassMethods(TestMethodWorker.java:176)
at org.testng.internal.TestMethodWorker.run(TestMethodWorker.java:122)
at java.util.ArrayList.forEach(ArrayList.java:1257)
at org.testng.TestRunner.privateRun(TestRunner.java:770)
at org.testng.TestRunner.run(TestRunner.java:591)
at org.testng.SuiteRunner.runTest(SuiteRunner.java:402)
at org.testng.SuiteRunner.runSequentially(SuiteRunner.java:396)
at org.testng.SuiteRunner.privateRun(SuiteRunner.java:355)
at org.testng.SuiteRunner.run(SuiteRunner.java:304)
at org.testng.SuiteRunnerWorker.runSuite(SuiteRunnerWorker.java:53)
at org.testng.SuiteRunnerWorker.run(SuiteRunnerWorker.java:96)
at org.testng.TestNG.runSuitesSequentially(TestNG.java:1180)
at org.testng.TestNG.runSuitesLocally(TestNG.java:1102)
at org.testng.TestNG.runSuites(TestNG.java:1032)
at org.testng.TestNG.run(TestNG.java:1000)
at org.testng.remote.AbstractRemoteTestNG.run(AbstractRemoteTestNG.java:115)
at org.testng.remote.RemoteTestNG.initAndRun(RemoteTestNG.java:251)
at org.testng.remote.RemoteTestNG.main(RemoteTestNG.java:77)
]]>
    </error>
  </testcase> <!-- Open_Browser -->
  <testcase name="carrier_LeadStage" time="0.000" classname="CarrierCRM_TC.CarrierSignupActions_Test">
    <skipped/>
  </testcase> <!-- carrier_LeadStage -->
  <testcase name="carrier_LeadStage_Lanes" time="0.000" classname="CarrierCRM_TC.CarrierSignupActions_Test">
    <skipped/>
  </testcase> <!-- carrier_LeadStage_Lanes -->
  <testcase name="carrier_ContactStage" time="0.000" classname="CarrierCRM_TC.CarrierSignupActions_Test">
    <skipped/>
  </testcase> <!-- carrier_ContactStage -->
</testsuite> <!-- CarrierCRM_TC.CarrierSignupActions_Test -->
