<?xml version="1.0" encoding="UTF-8"?>
<!-- Generated by org.testng.reporters.JUnitXMLReporter -->
<testsuite hostname="S-23" ignored="0" name="Test" tests="8" failures="3" timestamp="2020-01-06T19:12:08 IST" time="89.946" errors="0">
  <testcase name="LoggedIn_AmilFreight" time="0.0" classname="load_Board.LoadBoard_TestCase"/>
  <testcase name="Navigation_AmilFreight" time="0.016" classname="load_Board.LoadBoard_TestCase"/>
  <testcase name="LoggedOut_AmilFreight" time="0.0" classname="load_Board.LoadBoard_TestCase"/>
  <testcase name="LoggedIn_AmilFreight" time="1.953" classname="zUsed_Classes.AMF002TC_Post2OpenLoad"/>
  <testcase name="PostLoad_toOpenStatus" time="47.382" classname="zUsed_Classes.AMF002TC_Post2OpenLoad">
    <failure type="java.lang.Exception">
      <![CDATA[java.lang.Exception
at utility_Files.Utils.Instance_NewWindow(Utils.java:95)
at zUsed_Classes.Mail_Recipents.PostLoad_ShipmentGUID(Mail_Recipents.java:159)
at zUsed_Classes.AMF002TC_Post2OpenLoad.PostLoad_toOpenStatus(AMF002TC_Post2OpenLoad.java:47)
at java.util.ArrayList.forEach(ArrayList.java:1257)
... Removed 27 stack frames]]>
    </failure>
  </testcase> <!-- PostLoad_toOpenStatus -->
  <testcase name="EmailReceipent_List" time="7.565" classname="zUsed_Classes.AMF002TC_Post2OpenLoad">
    <failure type="java.lang.Exception">
      <![CDATA[java.lang.Exception
at utility_Files.Utils.Instance_NewWindow(Utils.java:95)
at zUsed_Classes.Email_ReceipentsList.Verification(Email_ReceipentsList.java:31)
at zUsed_Classes.AMF002TC_Post2OpenLoad.EmailReceipent_List(AMF002TC_Post2OpenLoad.java:55)
at java.util.ArrayList.forEach(ArrayList.java:1257)
... Removed 27 stack frames]]>
    </failure>
  </testcase> <!-- EmailReceipent_List -->
  <testcase name="MailQuote_AmountVerify" time="11.556" classname="zUsed_Classes.AMF002TC_Post2OpenLoad">
    <failure type="org.openqa.selenium.WebDriverException" message="chrome not reachable
  (Session info: chrome=79.0.3945.88)
  (Driver info: chromedriver=78.0.3904.105 (60e2d8774a8151efa6a00b1f358371b1e0e07ee2-refs/branch-heads/3904@{#877}),platform=Windows NT 10.0.17763 x86_64) (WARNING: The server did not provide any stacktrace information)
Command duration or timeout: 6.05 seconds
Build info: version: &amp;apos;2.45.0&amp;apos;, revision: &amp;apos;5017cb8e7ca8e37638dc3091b2440b90a1d8686f&amp;apos;, time: &amp;apos;2015-02-27 09:10:26&amp;apos;
System info: host: &amp;apos;S-23&amp;apos;, ip: &amp;apos;192.168.1.157&amp;apos;, os.name: &amp;apos;Windows 10&amp;apos;, os.arch: &amp;apos;amd64&amp;apos;, os.version: &amp;apos;10.0&amp;apos;, java.version: &amp;apos;1.8.0_181&amp;apos;
Driver info: org.openqa.selenium.chrome.ChromeDriver
Capabilities [{mobileEmulationEnabled=false, timeouts={implicit=0, pageLoad=300000, script=30000}, hasTouchScreen=false, platform=XP, acceptSslCerts=false, goog:chromeOptions={debuggerAddress=localhost:59042}, acceptInsecureCerts=false, webStorageEnabled=true, browserName=chrome, takesScreenshot=true, javascriptEnabled=true, setWindowRect=true, unexpectedAlertBehaviour=ignore, applicationCacheEnabled=false, rotatable=false, networkConnectionEnabled=false, chrome={chromedriverVersion=78.0.3904.105 (60e2d8774a8151efa6a00b1f358371b1e0e07ee2-refs/branch-heads/3904@{#877}), userDataDir=C:\Users\User\AppData\Local\Temp\scoped_dir12240_1890677879}, takesHeapSnapshot=true, pageLoadStrategy=normal, strictFileInteractability=false, databaseEnabled=false, handlesAlerts=true, version=79.0.3945.88, browserConnectionEnabled=false, proxy={}, nativeEvents=true, locationContextEnabled=true, cssSelectorsEnabled=true}]
Session ID: 7666e0fa9395248958d226792c73c1eb
*** Element info: {Using=xpath, value=//*[@id=&amp;apos;tabOpen&amp;apos;]}">
      <![CDATA[org.openqa.selenium.WebDriverException: chrome not reachable
  (Session info: chrome=79.0.3945.88)
  (Driver info: chromedriver=78.0.3904.105 (60e2d8774a8151efa6a00b1f358371b1e0e07ee2-refs/branch-heads/3904@{#877}),platform=Windows NT 10.0.17763 x86_64) (WARNING: The server did not provide any stacktrace information)
Command duration or timeout: 6.05 seconds
Build info: version: '2.45.0', revision: '5017cb8e7ca8e37638dc3091b2440b90a1d8686f', time: '2015-02-27 09:10:26'
System info: host: 'S-23', ip: '192.168.1.157', os.name: 'Windows 10', os.arch: 'amd64', os.version: '10.0', java.version: '1.8.0_181'
Driver info: org.openqa.selenium.chrome.ChromeDriver
Capabilities [{mobileEmulationEnabled=false, timeouts={implicit=0, pageLoad=300000, script=30000}, hasTouchScreen=false, platform=XP, acceptSslCerts=false, goog:chromeOptions={debuggerAddress=localhost:59042}, acceptInsecureCerts=false, webStorageEnabled=true, browserName=chrome, takesScreenshot=true, javascriptEnabled=true, setWindowRect=true, unexpectedAlertBehaviour=ignore, applicationCacheEnabled=false, rotatable=false, networkConnectionEnabled=false, chrome={chromedriverVersion=78.0.3904.105 (60e2d8774a8151efa6a00b1f358371b1e0e07ee2-refs/branch-heads/3904@{#877}), userDataDir=C:\Users\User\AppData\Local\Temp\scoped_dir12240_1890677879}, takesHeapSnapshot=true, pageLoadStrategy=normal, strictFileInteractability=false, databaseEnabled=false, handlesAlerts=true, version=79.0.3945.88, browserConnectionEnabled=false, proxy={}, nativeEvents=true, locationContextEnabled=true, cssSelectorsEnabled=true}]
Session ID: 7666e0fa9395248958d226792c73c1eb
*** Element info: {Using=xpath, value=//*[@id='tabOpen']}
at org.openqa.selenium.remote.ErrorHandler.createThrowable(ErrorHandler.java:204)
at org.openqa.selenium.remote.ErrorHandler.throwIfResponseFailed(ErrorHandler.java:156)
at org.openqa.selenium.remote.RemoteWebDriver.execute(RemoteWebDriver.java:599)
at org.openqa.selenium.remote.RemoteWebDriver.findElement(RemoteWebDriver.java:352)
at org.openqa.selenium.remote.RemoteWebDriver.findElementByXPath(RemoteWebDriver.java:449)
at org.openqa.selenium.By$ByXPath.findElement(By.java:357)
at org.openqa.selenium.remote.RemoteWebDriver.findElement(RemoteWebDriver.java:344)
at zUsed_Classes.Quote_EmailAmount.Verification(Quote_EmailAmount.java:36)
at zUsed_Classes.AMF002TC_Post2OpenLoad.MailQuote_AmountVerify(AMF002TC_Post2OpenLoad.java:64)
at java.util.ArrayList.forEach(ArrayList.java:1257)
... Removed 31 stack frames]]>
    </failure>
  </testcase> <!-- MailQuote_AmountVerify -->
  <testcase name="LoggedOut_AmilFreight" time="0.0" classname="zUsed_Classes.AMF002TC_Post2OpenLoad"/>
</testsuite> <!-- Test -->
